<?xml version="1.0" encoding="UTF-8"?>
<!-- Generated by org.testng.reporters.JUnitReportReporter -->
<testsuite skipped="0" hostname="naveenautomationlabss-MacBook-Pro.local" name="com.qa.opencart.tests.AccountsPageTest" tests="10" failures="0" timestamp="11 Oct 2021 03:23:58 GMT" time="29.485" errors="0">
  <testcase name="selectProductTest" time="5.950" classname="com.qa.opencart.tests.AccountsPageTest"/>
  <testcase name="selectProductTest" time="5.277" classname="com.qa.opencart.tests.AccountsPageTest"/>
  <testcase name="accPageTitleTest" time="0.034" classname="com.qa.opencart.tests.AccountsPageTest"/>
  <testcase name="searchTest" time="3.349" classname="com.qa.opencart.tests.AccountsPageTest"/>
  <testcase name="accPageSearchTest" time="0.962" classname="com.qa.opencart.tests.AccountsPageTest"/>
  <testcase name="accPageLogoutLinkTest" time="0.994" classname="com.qa.opencart.tests.AccountsPageTest"/>
  <testcase name="searchTest" time="3.786" classname="com.qa.opencart.tests.AccountsPageTest"/>
  <testcase name="searchTest" time="3.512" classname="com.qa.opencart.tests.AccountsPageTest"/>
  <testcase name="selectProductTest" time="5.540" classname="com.qa.opencart.tests.AccountsPageTest"/>
  <testcase name="accPageSecHeaderTest" time="0.081" classname="com.qa.opencart.tests.AccountsPageTest"/>
</testsuite> <!-- com.qa.opencart.tests.AccountsPageTest -->
